\BOOKMARK [1][-]{section*.4}{List of Figures}{}% 1
\BOOKMARK [1][-]{section*.5}{List of Tables}{}% 2
\BOOKMARK [1][-]{section.1}{Introduction}{}% 3
\BOOKMARK [1][-]{section.2}{Background}{}% 4
\BOOKMARK [2][-]{subsection.2.1}{Neural Network}{section.2}% 5
\BOOKMARK [2][-]{subsection.2.2}{Knowledge Node Network}{section.2}% 6
\BOOKMARK [2][-]{subsection.2.3}{Expert System}{section.2}% 7
\BOOKMARK [2][-]{subsection.2.4}{Meta Reasoner}{section.2}% 8
\BOOKMARK [2][-]{subsection.2.5}{Summary}{section.2}% 9
\BOOKMARK [1][-]{section.3}{Problem}{}% 10
\BOOKMARK [1][-]{section.4}{Design Criteria}{}% 11
\BOOKMARK [2][-]{subsection.4.1}{Efficiency}{section.4}% 12
\BOOKMARK [2][-]{subsection.4.2}{Object Oriented Programming}{section.4}% 13
\BOOKMARK [2][-]{subsection.4.3}{Readability \046 Documentation}{section.4}% 14
\BOOKMARK [1][-]{section.5}{Implementation}{}% 15
\BOOKMARK [2][-]{subsection.5.1}{Tags}{section.5}% 16
\BOOKMARK [2][-]{subsection.5.2}{Knowledge Node Network}{section.5}% 17
\BOOKMARK [2][-]{subsection.5.3}{Expert System}{section.5}% 18
\BOOKMARK [2][-]{subsection.5.4}{Testing}{section.5}% 19
\BOOKMARK [2][-]{subsection.5.5}{Documentation}{section.5}% 20
\BOOKMARK [1][-]{section.6}{Plan for Next Semester}{}% 21
\BOOKMARK [2][-]{subsection.6.1}{Finalization}{section.6}% 22
\BOOKMARK [3][-]{subsubsection.6.1.1}{Knowledge Node Network}{subsection.6.1}% 23
\BOOKMARK [3][-]{subsubsection.6.1.2}{Expert System}{subsection.6.1}% 24
\BOOKMARK [2][-]{subsection.6.2}{Integration}{section.6}% 25
\BOOKMARK [2][-]{subsection.6.3}{Testing}{section.6}% 26
\BOOKMARK [1][-]{section.7}{Impact on Society and the Environment}{}% 27
\BOOKMARK [2][-]{subsection.7.1}{Use of Non-renewable Resources}{section.7}% 28
\BOOKMARK [2][-]{subsection.7.2}{Environmental Benefits}{section.7}% 29
\BOOKMARK [2][-]{subsection.7.3}{Safety and Risk}{section.7}% 30
\BOOKMARK [2][-]{subsection.7.4}{Benefits to Society}{section.7}% 31
\BOOKMARK [1][-]{section.8}{Conclusion}{}% 32
\BOOKMARK [1][-]{appendix.A}{UML Diagrams}{}% 33
\BOOKMARK [1][-]{section*.22}{References}{}% 34
